<?xml version="1.0" encoding="UTF-8"?>
<testsuite name="TestNamedArguments" tests="1" skipped="0" failures="0" errors="0" timestamp="2020-02-06T10:59:45" hostname="eduroam-199-4.nomadic.bris.ac.uk" time="0.035">
  <properties/>
  <testcase name="testJoinToString" classname="TestNamedArguments" time="0.035"/>
  <system-out><![CDATA[]]></system-out>
  <system-err><![CDATA[]]></system-err>
</testsuite>
